   Compiling ../../../testbench.cpp in debug mode
../../../testbench.cpp: In function 'int main()':
../../../testbench.cpp:7:11: error: 'FRAME_BUFFER_DIM' was not declared in this scope
../../../testbench.cpp:7:30: error: 'FRAME_BUFFER_NUM' was not declared in this scope
../../../testbench.cpp:8:10: error: 'LOG2_FB' was not declared in this scope
../../../testbench.cpp:8:17: error: template argument 1 is invalid
../../../testbench.cpp:8:24: error: invalid type in declaration before ';' token
../../../testbench.cpp:15:3: error: 'ddr' was not declared in this scope
../../../testbench.cpp:21:48: error: 'ddr' was not declared in this scope
make: *** [obj/testbench.o] Error 1
CRITICAL WARNING: [SIM 1] CSim file generation failed: compilation error(s).
